#
# There is insufficient memory for the Java Runtime Environment to continue.
# Native memory allocation (malloc) failed to allocate 323696 bytes for Chunk::new
# Possible reasons:
#   The system is out of physical RAM or swap space
#   In 32 bit mode, the process size limit was hit
# Possible solutions:
#   Reduce memory load on the system
#   Increase physical memory or swap space
#   Check if swap backing store is full
#   Use 64 bit Java on a 64 bit OS
#   Decrease Java heap size (-Xmx/-Xms)
#   Decrease number of Java threads
#   Decrease Java thread stack sizes (-Xss)
#   Set larger code cache with -XX:ReservedCodeCacheSize=
# This output file may be truncated or incomplete.
#
#  Out of Memory Error (allocation.cpp:390), pid=7052, tid=8504
#
# JRE version: Java(TM) SE Runtime Environment (8.0_66-b18) (build 1.8.0_66-b18)
# Java VM: Java HotSpot(TM) 64-Bit Server VM (25.66-b18 mixed mode windows-amd64 compressed oops)
# Failed to write core dump. Minidumps are not enabled by default on client versions of Windows
#

---------------  T H R E A D  ---------------

Current thread (0x0000000014954000):  JavaThread "C2 CompilerThread1" daemon [_thread_in_native, id=8504, stack(0x0000000015fb0000,0x00000000160b0000)]

Stack: [0x0000000015fb0000,0x00000000160b0000]
[error occurred during error reporting (printing stack bounds), id 0xc0000005]

Native frames: (J=compiled Java code, j=interpreted, Vv=VM code, C=native code)


Current CompileTask:
C2:   1865 1797       4       com.android.dx.merge.IndexMap$EncodedValueTransformer::transformAnnotation (68 bytes)


---------------  P R O C E S S  ---------------

Java Threads: ( => current thread )
  0x00000000149ae000 JavaThread "Service Thread" daemon [_thread_blocked, id=1716, stack(0x00000000165b0000,0x00000000166b0000)]
  0x000000001495c000 JavaThread "C1 CompilerThread2" daemon [_thread_blocked, id=9208, stack(0x00000000160b0000,0x00000000161b0000)]
=>0x0000000014954000 JavaThread "C2 CompilerThread1" daemon [_thread_in_native, id=8504, stack(0x0000000015fb0000,0x00000000160b0000)]
  0x0000000014950000 JavaThread "C2 CompilerThread0" daemon [_thread_in_native, id=9036, stack(0x0000000015eb0000,0x0000000015fb0000)]
  0x000000001494d800 JavaThread "Attach Listener" daemon [_thread_blocked, id=8328, stack(0x0000000015db0000,0x0000000015eb0000)]
  0x000000001494c800 JavaThread "Signal Dispatcher" daemon [_thread_blocked, id=7864, stack(0x0000000015cb0000,0x0000000015db0000)]
  0x0000000014919000 JavaThread "Finalizer" daemon [_thread_blocked, id=5508, stack(0x0000000015bb0000,0x0000000015cb0000)]
  0x000000000079f800 JavaThread "Reference Handler" daemon [_thread_blocked, id=8148, stack(0x0000000015ab0000,0x0000000015bb0000)]
  0x00000000006ae000 JavaThread "main" [_thread_in_Java, id=8116, stack(0x00000000021f0000,0x00000000022f0000)]

Other Threads:
  0x0000000014917000 VMThread [stack: 0x00000000159b0000,0x0000000015ab0000] [id=10076]
  0x00000000161ef000 WatcherThread [stack: 0x00000000166b0000,0x00000000167b0000] [id=6640]

VM state:not at safepoint (normal execution)

VM Mutex/Monitor currently owned by a thread: None

Heap:
 PSYoungGen      total 38400K, used 32039K [0x00000000eab00000, 0x00000000ed580000, 0x0000000100000000)
  eden space 33280K, 80% used [0x00000000eab00000,0x00000000ec54d668,0x00000000ecb80000)
  from space 5120K, 99% used [0x00000000ed080000,0x00000000ed57c8e8,0x00000000ed580000)
  to   space 5120K, 0% used [0x00000000ecb80000,0x00000000ecb80000,0x00000000ed080000)
 ParOldGen       total 87552K, used 26636K [0x00000000c0000000, 0x00000000c5580000, 0x00000000eab00000)
  object space 87552K, 30% used [0x00000000c0000000,0x00000000c1a03210,0x00000000c5580000)
 Metaspace       used 7111K, capacity 7608K, committed 7680K, reserved 1056768K
  class space    used 730K, capacity 752K, committed 768K, reserved 1048576K

Card table byte_map: [0x00000000117a0000,0x00000000119b0000] byte_map_base: 0x00000000111a0000

Marking Bits: (ParMarkBitMap*) 0x00000000669ca5b0
 Begin Bits: [0x0000000011db0000, 0x0000000012db0000)
 End Bits:   [0x0000000012db0000, 0x0000000013db0000)

Polling page: 0x0000000000680000

CodeCache: size=245760Kb used=5503Kb max_used=5514Kb free=240256Kb
 bounds [0x00000000023e0000, 0x0000000002950000, 0x00000000113e0000]
 total_blobs=2078 nmethods=1786 adapters=205
 compilation: enabled

Compilation events (10 events):
Event: 1.805 Thread 0x0000000014954000 nmethod 1789 0x0000000002949d10 code [0x0000000002949e40, 0x0000000002949ed8]
Event: 1.813 Thread 0x0000000014954000 1790       4       com.android.dx.io.instructions.ShortArrayCodeOutput::writeInt (16 bytes)
Event: 1.815 Thread 0x0000000014954000 nmethod 1790 0x000000000294b390 code [0x000000000294b4c0, 0x000000000294b5b8]
Event: 1.815 Thread 0x0000000014954000 1791       4       com.android.dx.io.instructions.InstructionCodec$11::decode (38 bytes)
Event: 1.817 Thread 0x0000000014954000 nmethod 1791 0x000000000294ae50 code [0x000000000294afa0, 0x000000000294b198]
Event: 1.817 Thread 0x0000000014954000 1792       4       com.android.dx.io.instructions.FourRegisterDecodedInstruction::<init> (38 bytes)
Event: 1.819 Thread 0x0000000014954000 nmethod 1792 0x000000000294a910 code [0x000000000294aa60, 0x000000000294ac78]
Event: 1.853 Thread 0x0000000014954000 1793       4       com.android.dx.util.ByteArrayAnnotatedOutput::<init> (54 bytes)
Event: 1.853 Thread 0x0000000014954000 nmethod 1793 0x000000000294a690 code [0x000000000294a7c0, 0x000000000294a878]
Event: 1.853 Thread 0x0000000014954000 1797       4       com.android.dx.merge.IndexMap$EncodedValueTransformer::transformAnnotation (68 bytes)

GC Heap History (8 events):
Event: 1.262 GC heap before
{Heap before GC invocations=1 (full 0):
 PSYoungGen      total 38400K, used 33280K [0x00000000eab00000, 0x00000000ed580000, 0x0000000100000000)
  eden space 33280K, 100% used [0x00000000eab00000,0x00000000ecb80000,0x00000000ecb80000)
  from space 5120K, 0% used [0x00000000ed080000,0x00000000ed080000,0x00000000ed580000)
  to   space 5120K, 0% used [0x00000000ecb80000,0x00000000ecb80000,0x00000000ed080000)
 ParOldGen       total 87552K, used 0K [0x00000000c0000000, 0x00000000c5580000, 0x00000000eab00000)
  object space 87552K, 0% used [0x00000000c0000000,0x00000000c0000000,0x00000000c5580000)
 Metaspace       used 6916K, capacity 7480K, committed 7680K, reserved 1056768K
  class space    used 729K, capacity 752K, committed 768K, reserved 1048576K
Event: 1.269 GC heap after
Heap after GC invocations=1 (full 0):
 PSYoungGen      total 38400K, used 5106K [0x00000000eab00000, 0x00000000ed580000, 0x0000000100000000)
  eden space 33280K, 0% used [0x00000000eab00000,0x00000000eab00000,0x00000000ecb80000)
  from space 5120K, 99% used [0x00000000ecb80000,0x00000000ed07c848,0x00000000ed080000)
  to   space 5120K, 0% used [0x00000000ed080000,0x00000000ed080000,0x00000000ed580000)
 ParOldGen       total 87552K, used 3687K [0x00000000c0000000, 0x00000000c5580000, 0x00000000eab00000)
  object space 87552K, 4% used [0x00000000c0000000,0x00000000c0399e28,0x00000000c5580000)
 Metaspace       used 6916K, capacity 7480K, committed 7680K, reserved 1056768K
  class space    used 729K, capacity 752K, committed 768K, reserved 1048576K
}
Event: 1.534 GC heap before
{Heap before GC invocations=2 (full 0):
 PSYoungGen      total 38400K, used 38386K [0x00000000eab00000, 0x00000000ed580000, 0x0000000100000000)
  eden space 33280K, 100% used [0x00000000eab00000,0x00000000ecb80000,0x00000000ecb80000)
  from space 5120K, 99% used [0x00000000ecb80000,0x00000000ed07c848,0x00000000ed080000)
  to   space 5120K, 0% used [0x00000000ed080000,0x00000000ed080000,0x00000000ed580000)
 ParOldGen       total 87552K, used 3687K [0x00000000c0000000, 0x00000000c5580000, 0x00000000eab00000)
  object space 87552K, 4% used [0x00000000c0000000,0x00000000c0399e28,0x00000000c5580000)
 Metaspace       used 7079K, capacity 7608K, committed 7680K, reserved 1056768K
  class space    used 730K, capacity 752K, committed 768K, reserved 1048576K
Event: 1.540 GC heap after
Heap after GC invocations=2 (full 0):
 PSYoungGen      total 38400K, used 5104K [0x00000000eab00000, 0x00000000ed580000, 0x0000000100000000)
  eden space 33280K, 0% used [0x00000000eab00000,0x00000000eab00000,0x00000000ecb80000)
  from space 5120K, 99% used [0x00000000ed080000,0x00000000ed57c2a8,0x00000000ed580000)
  to   space 5120K, 0% used [0x00000000ecb80000,0x00000000ecb80000,0x00000000ed080000)
 ParOldGen       total 87552K, used 8552K [0x00000000c0000000, 0x00000000c5580000, 0x00000000eab00000)
  object space 87552K, 9% used [0x00000000c0000000,0x00000000c085a298,0x00000000c5580000)
 Metaspace       used 7079K, capacity 7608K, committed 7680K, reserved 1056768K
  class space    used 730K, capacity 752K, committed 768K, reserved 1048576K
}
Event: 1.671 GC heap before
{Heap before GC invocations=3 (full 0):
 PSYoungGen      total 38400K, used 38384K [0x00000000eab00000, 0x00000000ed580000, 0x0000000100000000)
  eden space 33280K, 100% used [0x00000000eab00000,0x00000000ecb80000,0x00000000ecb80000)
  from space 5120K, 99% used [0x00000000ed080000,0x00000000ed57c2a8,0x00000000ed580000)
  to   space 5120K, 0% used [0x00000000ecb80000,0x00000000ecb80000,0x00000000ed080000)
 ParOldGen       total 87552K, used 8552K [0x00000000c0000000, 0x00000000c5580000, 0x00000000eab00000)
  object space 87552K, 9% used [0x00000000c0000000,0x00000000c085a298,0x00000000c5580000)
 Metaspace       used 7096K, capacity 7608K, committed 7680K, reserved 1056768K
  class space    used 730K, capacity 752K, committed 768K, reserved 1048576K
Event: 1.676 GC heap after
Heap after GC invocations=3 (full 0):
 PSYoungGen      total 38400K, used 5110K [0x00000000eab00000, 0x00000000ed580000, 0x0000000100000000)
  eden space 33280K, 0% used [0x00000000eab00000,0x00000000eab00000,0x00000000ecb80000)
  from space 5120K, 99% used [0x00000000ecb80000,0x00000000ed07d8f8,0x00000000ed080000)
  to   space 5120K, 0% used [0x00000000ed080000,0x00000000ed080000,0x00000000ed580000)
 ParOldGen       total 87552K, used 13909K [0x00000000c0000000, 0x00000000c5580000, 0x00000000eab00000)
  object space 87552K, 15% used [0x00000000c0000000,0x00000000c0d955c8,0x00000000c5580000)
 Metaspace       used 7096K, capacity 7608K, committed 7680K, reserved 1056768K
  class space    used 730K, capacity 752K, committed 768K, reserved 1048576K
}
Event: 1.774 GC heap before
{Heap before GC invocations=4 (full 0):
 PSYoungGen      total 38400K, used 38390K [0x00000000eab00000, 0x00000000ed580000, 0x0000000100000000)
  eden space 33280K, 100% used [0x00000000eab00000,0x00000000ecb80000,0x00000000ecb80000)
  from space 5120K, 99% used [0x00000000ecb80000,0x00000000ed07d8f8,0x00000000ed080000)
  to   space 5120K, 0% used [0x00000000ed080000,0x00000000ed080000,0x00000000ed580000)
 ParOldGen       total 87552K, used 13909K [0x00000000c0000000, 0x00000000c5580000, 0x00000000eab00000)
  object space 87552K, 15% used [0x00000000c0000000,0x00000000c0d955c8,0x00000000c5580000)
 Metaspace       used 7111K, capacity 7608K, committed 7680K, reserved 1056768K
  class space    used 730K, capacity 752K, committed 768K, reserved 1048576K
Event: 1.781 GC heap after
Heap after GC invocations=4 (full 0):
 PSYoungGen      total 38400K, used 5106K [0x00000000eab00000, 0x00000000ed580000, 0x0000000100000000)
  eden space 33280K, 0% used [0x00000000eab00000,0x00000000eab00000,0x00000000ecb80000)
  from space 5120K, 99% used [0x00000000ed080000,0x00000000ed57c8e8,0x00000000ed580000)
  to   space 5120K, 0% used [0x00000000ecb80000,0x00000000ecb80000,0x00000000ed080000)
 ParOldGen       total 87552K, used 26636K [0x00000000c0000000, 0x00000000c5580000, 0x00000000eab00000)
  object space 87552K, 30% used [0x00000000c0000000,0x00000000c1a03210,0x00000000c5580000)
 Metaspace       used 7111K, capacity 7608K, committed 7680K, reserved 1056768K
  class space    used 730K, capacity 752K, committed 768K, reserved 1048576K
}

Deoptimization events (10 events):
Event: 1.060 Thread 0x00000000006ae000 Uncommon trap: reason=unstable_if action=reinterpret pc=0x0000000002732f7c method=com.android.dx.util.ByteArrayAnnotatedOutput.writeByte(I)V @ 13
Event: 1.076 Thread 0x00000000006ae000 Uncommon trap: reason=unstable_if action=reinterpret pc=0x0000000002747934 method=com.android.dx.util.ByteArrayAnnotatedOutput.writeByte(I)V @ 13
Event: 1.101 Thread 0x00000000006ae000 Uncommon trap: reason=unstable_if action=reinterpret pc=0x0000000002681a8c method=java.lang.String.indexOf([CII[CIII)I @ 3
Event: 1.102 Thread 0x00000000006ae000 Uncommon trap: reason=speculate_class_check action=maybe_recompile pc=0x00000000027084a0 method=java.util.HashMap.putVal(ILjava/lang/Object;Ljava/lang/Object;ZZ)Ljava/lang/Object; @ 56
Event: 1.102 Thread 0x00000000006ae000 Uncommon trap: reason=speculate_class_check action=maybe_recompile pc=0x00000000027084fc method=java.util.HashMap.putVal(ILjava/lang/Object;Ljava/lang/Object;ZZ)Ljava/lang/Object; @ 152
Event: 1.102 Thread 0x00000000006ae000 Uncommon trap: reason=speculate_class_check action=maybe_recompile pc=0x00000000027084a0 method=java.util.HashMap.putVal(ILjava/lang/Object;Ljava/lang/Object;ZZ)Ljava/lang/Object; @ 56
Event: 1.102 Thread 0x00000000006ae000 Uncommon trap: reason=speculate_class_check action=maybe_recompile pc=0x00000000027084a0 method=java.util.HashMap.putVal(ILjava/lang/Object;Ljava/lang/Object;ZZ)Ljava/lang/Object; @ 56
Event: 1.195 Thread 0x00000000006ae000 Uncommon trap: reason=unstable_if action=reinterpret pc=0x000000000276c4c4 method=java.util.HashMap.putVal(ILjava/lang/Object;Ljava/lang/Object;ZZ)Ljava/lang/Object; @ 162
Event: 1.273 Thread 0x00000000006ae000 Uncommon trap: reason=predicate action=maybe_recompile pc=0x00000000027dba24 method=com.android.dex.Leb128.readUnsignedLeb128(Lcom/android/dex/util/ByteInput;)I @ 41
Event: 1.376 Thread 0x00000000006ae000 Uncommon trap: reason=unstable_if action=reinterpret pc=0x00000000027ae464 method=java.util.HashMap.getNode(ILjava/lang/Object;)Ljava/util/HashMap$Node; @ 84

Internal exceptions (2 events):
Event: 0.032 Thread 0x00000000006ae000 Exception <a 'java/lang/NoSuchMethodError': Method sun.misc.Unsafe.defineClass(Ljava/lang/String;[BII)Ljava/lang/Class; name or signature does not match> (0x00000000eab0e498) thrown at [C:\re\workspace\8-2-build-windows-amd64-cygwin\jdk8u66\5298\hotspot\srWB¡Ð×2 ?
Event: 0.032 Thread 0x00000000006ae000 Exception <a 'java/lang/NoSuchMethodError': Method sun.misc.Unsafe.prefetchRead(Ljava/lang/Object;J)V name or signature does not match> (0x00000000eab0e780) thrown at [C:\re\workspace\8-2-build-windows-amd64-cygwin\jdk8u66\5298\hotspot\src\share\vm\prims\j

Events (10 events):
Event: 1.605 loading class java/util/Collections$EmptyIterator
Event: 1.606 loading class java/util/Collections$EmptyIterator done
Event: 1.654 Thread 0x00000000006ae000 DEOPT PACKING pc=0x00000000028d98a9 sp=0x00000000022eee50
Event: 1.654 Thread 0x00000000006ae000 DEOPT UNPACKING pc=0x000000000242787f sp=0x00000000022eebd0 mode 0
Event: 1.655 Thread 0x00000000006ae000 DEOPT PACKING pc=0x00000000028d98a9 sp=0x00000000022eee50
Event: 1.655 Thread 0x00000000006ae000 DEOPT UNPACKING pc=0x000000000242787f sp=0x00000000022eebd0 mode 0
Event: 1.671 Executing VM operation: ParallelGCFailedAllocation
Event: 1.676 Executing VM operation: ParallelGCFailedAllocation done
Event: 1.774 Executing VM operation: ParallelGCFailedAllocation
Event: 1.781 Executing VM operation: ParallelGCFailedAllocation done


Dynamic libraries:
0x00007ff66ce80000 - 0x00007ff66ceb7000 	E:\PROGRAMFILES\JV\bin\java.exe
0x00007ffc54d20000 - 0x00007ffc54ee5000 	C:\WINDOWS\SYSTEM32\ntdll.dll
0x00007ffc547e0000 - 0x00007ffc54889000 	C:\WINDOWS\system32\KERNEL32.DLL
0x00007ffc51f20000 - 0x00007ffc5210e000 	C:\WINDOWS\system32\KERNELBASE.dll
0x00007ffc52550000 - 0x00007ffc525f7000 	C:\WINDOWS\system32\ADVAPI32.dll
0x00007ffc54a60000 - 0x00007ffc54afd000 	C:\WINDOWS\system32\msvcrt.dll
0x00007ffc52790000 - 0x00007ffc527eb000 	C:\WINDOWS\system32\sechost.dll
0x00007ffc52600000 - 0x00007ffc5271c000 	C:\WINDOWS\system32\RPCRT4.dll
0x00007ffc54100000 - 0x00007ffc54253000 	C:\WINDOWS\system32\USER32.dll
0x00007ffc52120000 - 0x00007ffc522a6000 	C:\WINDOWS\system32\GDI32.dll
0x00007ffc46fa0000 - 0x00007ffc47214000 	C:\WINDOWS\WinSxS\amd64_microsoft.windows.common-controls_6595b64144ccf1df_6.0.11082.1000_none_1f36a9bb9601f9f3\COMCTL32.dll
0x00007ffc522d0000 - 0x00007ffc5254a000 	C:\WINDOWS\system32\combase.dll
0x00007ffc51d50000 - 0x00007ffc51dba000 	C:\WINDOWS\system32\bcryptPrimitives.dll
0x00007ffc54c30000 - 0x00007ffc54c6a000 	C:\WINDOWS\system32\IMM32.DLL
0x00007ffc31b70000 - 0x00007ffc31ba2000 	C:\Program Files (x86)\AVG\Av\avghooka.dll
0x0000000065d40000 - 0x0000000065e12000 	E:\PROGRAMFILES\JV\jre\bin\msvcr100.dll
0x00000000661c0000 - 0x0000000066a49000 	E:\PROGRAMFILES\JV\jre\bin\server\jvm.dll
0x00007ffc52110000 - 0x00007ffc52118000 	C:\WINDOWS\system32\PSAPI.DLL
0x00007ffc44c90000 - 0x00007ffc44c99000 	C:\WINDOWS\SYSTEM32\WSOCK32.dll
0x00007ffc54770000 - 0x00007ffc547db000 	C:\WINDOWS\system32\WS2_32.dll
0x00007ffc4f950000 - 0x00007ffc4f973000 	C:\WINDOWS\SYSTEM32\WINMM.dll
0x00007ffc46410000 - 0x00007ffc4641a000 	C:\WINDOWS\SYSTEM32\VERSION.dll
0x00007ffc4f8f0000 - 0x00007ffc4f91c000 	C:\WINDOWS\SYSTEM32\WINMMBASE.dll
0x00007ffc51e70000 - 0x00007ffc51eb3000 	C:\WINDOWS\system32\cfgmgr32.dll
0x00000000661b0000 - 0x00000000661bf000 	E:\PROGRAMFILES\JV\jre\bin\verify.dll
0x0000000066180000 - 0x00000000661a9000 	E:\PROGRAMFILES\JV\jre\bin\java.dll
0x0000000066160000 - 0x0000000066176000 	E:\PROGRAMFILES\JV\jre\bin\zip.dll
0x00007ffc527f0000 - 0x00007ffc53d31000 	C:\WINDOWS\system32\SHELL32.dll
0x00007ffc51630000 - 0x00007ffc51c70000 	C:\WINDOWS\system32\windows.storage.dll
0x00007ffc54b10000 - 0x00007ffc54b62000 	C:\WINDOWS\system32\shlwapi.dll
0x00007ffc513c0000 - 0x00007ffc513cf000 	C:\WINDOWS\system32\kernel.appcore.dll
0x00007ffc51c70000 - 0x00007ffc51d22000 	C:\WINDOWS\system32\shcore.dll
0x00007ffc51340000 - 0x00007ffc5138b000 	C:\WINDOWS\system32\powrprof.dll
0x00007ffc513a0000 - 0x00007ffc513b4000 	C:\WINDOWS\system32\profapi.dll

VM Arguments:
jvm_args: -Xmx1024M -Dfile.encoding=windows-1252 -Duser.country=US -Duser.language=en -Duser.variant 
java_command: com.android.dx.command.Main --dex --num-threads=4 --output E:\WORKSPACES\Android\MyApplicationClient\app\build\intermediates\dex\debug E:\WORKSPACES\Android\MyApplicationClient\app\build\intermediates\classes\debug E:\WORKSPACES\Android\MyApplicationClient\app\build\intermediates\pre-dexed\debug\support-annotations-23.1.1-978a04377b659756670912eacd95c9c42c5ef577.jar E:\WORKSPACES\Android\MyApplicationClient\app\build\intermediates\pre-dexed\debug\jackson-annotations-2.2.2-f694a8a87ee639c1d4b7e235ba146f574e708c83.jar E:\WORKSPACES\Android\MyApplicationClient\app\build\intermediates\pre-dexed\debug\tubesock-0.0.11-a16b7de479273282cf13710f0d7adfd07b4de70f.jar E:\WORKSPACES\Android\MyApplicationClient\app\build\intermediates\pre-dexed\debug\firebase-client-android-2.3.1-49b5db30ea8d7cb6c0d1edf675fe8ba12c05966b.jar E:\WORKSPACES\Android\MyApplicationClient\app\build\intermediates\pre-dexed\debug\internal_impl-23.1.1-39d1c722defce5a27b5d99bda1ed7bf820701011.jar E:\WORKSPACES\Android\MyApplicationClient\app\build\intermediates\pre-dexed\debug\jackson-core-2.2.2-703c91a2f8247354595c6f84e34191358d966e71.jar E:\WORKSPACES\Android\MyApplicationClient\app\build\intermediates\pre-dexed\debug\firebase-client-jvm-2.3.1-fffe53994989029096a3751c9be2a7ff303616eb.jar E:\WORKSPACES\Android\MyApplicationClient\app\build\intermediates\pre-dexed\debug\classes-820e28d3b107dab0903f2d4b8a8dc17ffa7f2e6f.jar E:\WORKSPACES\Android\MyApplicationClient\app\build\intermediates\pre-dexed\debug\jackson-databind-2.2.2-eff1c57db3ca86b8e7b4703d2493a9bfd1cd47f5.jar E:\WORKSPACES\Android\MyApplicationClient\app\build\intermediates\pre-dexed\debug\classes-bd618d2b6e000803ad213113ddd0867d6608b6dd.jar
java_class_path (initial): F:\sdk\build-tools\23.0.1\lib\dx.jar
Launcher Type: SUN_STANDARD

Environment Variables:
PATH=C:\ProgramData\Oracle\Java\javapath;C:\Program Files (x86)\Intel\iCLS Client\;C:\Program Files\Intel\iCLS Client\;C:\WINDOWS\system32;C:\WINDOWS;C:\WINDOWS\System32\Wbem;C:\WINDOWS\System32\WindowsPowerShell\v1.0\;C:\Program Files\Intel\WiFi\bin\;C:\Program Files\Common Files\Intel\WirelessCommon\;C:\Program Files (x86)\Skype\Phone\;C:\Program Files\WIDCOMM\Bluetooth Software\;C:\Program Files\WIDCOMM\Bluetooth Software\syswow64;C:\Program Files\Intel\Intel(R) Management Engine Components\DAL;C:\Program Files\Intel\Intel(R) Management Engine Components\IPT;C:\Program Files (x86)\Intel\Intel(R) Management Engine Components\DAL;C:\Program Files (x86)\Intel\Intel(R) Management Engine Components\IPT;c:\Program Files\Microsoft SQL Server\100\DTS\Binn\??Œ?NndMm4cwq,o2cTdL)=E00~KCOk-9sSd&LIa])?aE8a(Wpu?G;F:\ONLINESTORAGES\OneDrive\WORKSPACES\GnuWin32\bin;C:\Program Files\Microsoft SQL Server\110\Tools\Binn\;E:\PROGRAMFILES\Matlab\runtime\win64;E:\PROGRAMFILES\Matlab\bin;E:\PROGRAMFILES\Matlab\polyspace\bin;C:\Program Files (x86)\Windows Kits\10\Windows Performance Toolkit\;C:\Program Files\Microsoft\Web Platform Installer\;C:\Program Files (x86)\GtkSharp\2.12\bin;E:\PROGRAMFILES\jre;E:\PROGRAMFILES\JV;C:\Program Files (x86)\Java\jdk1.7.0_71;C:\Program Files (x86)\Java\jre7;C:\Program Files (x86)\Java\jdk1.7.0_71\bin;C:\Program Files (x86)\Java\jre7\bin;E:\PROGRAMFILES\Nodejs\;C:\Program Files\Intel\WiFi\bin\;C:\Program Files\Common Files\Intel\WirelessCommon\;C:\Users\binh\AppData\Roaming\npm
USERNAME=binh
OS=Windows_NT
PROCESSOR_IDENTIFIER=Intel64 Family 6 Model 58 Stepping 9, GenuineIntel



---------------  S Y S T E M  ---------------

OS: Windows 10.0 , 64 bit Build 11082 (10.0.11082.1000)

CPU:total 4 (2 cores per cpu, 2 threads per core) family 6 model 58 stepping 9, cmov, cx8, fxsr, mmx, sse, sse2, sse3, ssse3, sse4.1, sse4.2, popcnt, avx, aes, clmul, erms, ht, tsc, tscinvbit, tscinv

Memory: 4k page, physical 8291868k(1168708k free), swap 8291868k(5508k free)

vm_info: Java HotSpot(TM) 64-Bit Server VM (25.66-b18) for windows-amd64 JRE (1.8.0_66-b18), built on Nov  9 2015 10:51:13 by "java_re" with MS VC++ 10.0 (VS2010)

time: Tue Jan 12 00:20:25 2016
elapsed time: 1 seconds (0d 0h 0m 1s)

