#
# There is insufficient memory for the Java Runtime Environment to continue.
# Native memory allocation (malloc) failed to allocate 1048576 bytes for AllocateHeap
# Possible reasons:
#   The system is out of physical RAM or swap space
#   In 32 bit mode, the process size limit was hit
# Possible solutions:
#   Reduce memory load on the system
#   Increase physical memory or swap space
#   Check if swap backing store is full
#   Use 64 bit Java on a 64 bit OS
#   Decrease Java heap size (-Xmx/-Xms)
#   Decrease number of Java threads
#   Decrease Java thread stack sizes (-Xss)
#   Set larger code cache with -XX:ReservedCodeCacheSize=
# This output file may be truncated or incomplete.
#
#  Out of Memory Error (memory/allocation.inline.hpp:61), pid=1624, tid=920
#
# JRE version:  (8.0_66-b18) (build )
# Java VM: Java HotSpot(TM) 64-Bit Server VM (25.66-b18 mixed mode windows-amd64 compressed oops)
# Failed to write core dump. Minidumps are not enabled by default on client versions of Windows
#

---------------  T H R E A D  ---------------

Current thread (0x000000000079e000):  JavaThread "Unknown thread" [_thread_in_vm, id=920, stack(0x0000000002100000,0x0000000002200000)]

Stack: [0x0000000002100000,0x0000000002200000]
[error occurred during error reporting (printing stack bounds), id 0xc0000005]

Native frames: (J=compiled Java code, j=interpreted, Vv=VM code, C=native code)


---------------  P R O C E S S  ---------------

Java Threads: ( => current thread )

Other Threads:

=>0x000000000079e000 (exited) JavaThread "Unknown thread" [_thread_in_vm, id=920, stack(0x0000000002100000,0x0000000002200000)]

VM state:not at safepoint (normal execution)

VM Mutex/Monitor currently owned by a thread: None

Heap:
 PSYoungGen      total 38400K, used 665K [0x00000000eab00000, 0x00000000ed580000, 0x0000000100000000)
  eden space 33280K, 2% used [0x00000000eab00000,0x00000000eaba6670,0x00000000ecb80000)
  from space 5120K, 0% used [0x00000000ed080000,0x00000000ed080000,0x00000000ed580000)
  to   space 5120K, 0% used [0x00000000ecb80000,0x00000000ecb80000,0x00000000ed080000)
 ParOldGen       total 87552K, used 0K [0x00000000c0000000, 0x00000000c5580000, 0x00000000eab00000)
  object space 87552K, 0% used [0x00000000c0000000,0x00000000c0000000,0x00000000c5580000)
 Metaspace       used 767K, capacity 4480K, committed 4480K, reserved 1056768K
  class space    used 75K, capacity 384K, committed 384K, reserved 1048576K

Card table byte_map: [0x0000000011710000,0x0000000011920000] byte_map_base: 0x0000000011110000

Marking Bits: (ParMarkBitMap*) 0x00000000669ca5b0
 Begin Bits: [0x0000000011e80000, 0x0000000012e80000)
 End Bits:   [0x0000000012e80000, 0x0000000013e80000)

Polling page: 0x0000000000680000

CodeCache: size=245760Kb used=328Kb max_used=328Kb free=245431Kb
 bounds [0x0000000002350000, 0x00000000025c0000, 0x0000000011350000]
 total_blobs=57 nmethods=0 adapters=37
 compilation: enabled

Compilation events (0 events):
No events

GC Heap History (0 events):
No events

Deoptimization events (0 events):
No events

Internal exceptions (0 events):
No events

Events (10 events):
Event: 0.039 loading class java/lang/Short
Event: 0.039 loading class java/lang/Short done
Event: 0.039 loading class java/lang/Integer
Event: 0.039 loading class java/lang/Integer done
Event: 0.039 loading class java/lang/Long
Event: 0.039 loading class java/lang/Long done
Event: 0.040 loading class java/lang/NullPointerException
Event: 0.040 loading class java/lang/NullPointerException done
Event: 0.040 loading class java/lang/ArithmeticException
Event: 0.040 loading class java/lang/ArithmeticException done


Dynamic libraries:
0x00007ff66ce80000 - 0x00007ff66ceb7000 	E:\PROGRAMFILES\JV\bin\java.exe
0x00007ffc54d20000 - 0x00007ffc54ee5000 	C:\WINDOWS\SYSTEM32\ntdll.dll
0x00007ffc547e0000 - 0x00007ffc54889000 	C:\WINDOWS\system32\KERNEL32.DLL
0x00007ffc51f20000 - 0x00007ffc5210e000 	C:\WINDOWS\system32\KERNELBASE.dll
0x00007ffc52550000 - 0x00007ffc525f7000 	C:\WINDOWS\system32\ADVAPI32.dll
0x00007ffc54a60000 - 0x00007ffc54afd000 	C:\WINDOWS\system32\msvcrt.dll
0x00007ffc52790000 - 0x00007ffc527eb000 	C:\WINDOWS\system32\sechost.dll
0x00007ffc52600000 - 0x00007ffc5271c000 	C:\WINDOWS\system32\RPCRT4.dll
0x00007ffc54100000 - 0x00007ffc54253000 	C:\WINDOWS\system32\USER32.dll
0x00007ffc52120000 - 0x00007ffc522a6000 	C:\WINDOWS\system32\GDI32.dll
0x00007ffc46fa0000 - 0x00007ffc47214000 	C:\WINDOWS\WinSxS\amd64_microsoft.windows.common-controls_6595b64144ccf1df_6.0.11082.1000_none_1f36a9bb9601f9f3\COMCTL32.dll
0x00007ffc522d0000 - 0x00007ffc5254a000 	C:\WINDOWS\system32\combase.dll
0x00007ffc51d50000 - 0x00007ffc51dba000 	C:\WINDOWS\system32\bcryptPrimitives.dll
0x00007ffc54c30000 - 0x00007ffc54c6a000 	C:\WINDOWS\system32\IMM32.DLL
0x00007ffc31b70000 - 0x00007ffc31ba2000 	C:\Program Files (x86)\AVG\Av\avghooka.dll
0x0000000065d40000 - 0x0000000065e12000 	E:\PROGRAMFILES\JV\jre\bin\msvcr100.dll
0x00000000661c0000 - 0x0000000066a49000 	E:\PROGRAMFILES\JV\jre\bin\server\jvm.dll
0x00007ffc52110000 - 0x00007ffc52118000 	C:\WINDOWS\system32\PSAPI.DLL
0x00007ffc44c90000 - 0x00007ffc44c99000 	C:\WINDOWS\SYSTEM32\WSOCK32.dll
0x00007ffc54770000 - 0x00007ffc547db000 	C:\WINDOWS\system32\WS2_32.dll
0x00007ffc4f950000 - 0x00007ffc4f973000 	C:\WINDOWS\SYSTEM32\WINMM.dll
0x00007ffc46410000 - 0x00007ffc4641a000 	C:\WINDOWS\SYSTEM32\VERSION.dll
0x00007ffc4f8f0000 - 0x00007ffc4f91c000 	C:\WINDOWS\SYSTEM32\WINMMBASE.dll
0x00007ffc51e70000 - 0x00007ffc51eb3000 	C:\WINDOWS\system32\cfgmgr32.dll
0x00000000661b0000 - 0x00000000661bf000 	E:\PROGRAMFILES\JV\jre\bin\verify.dll
0x0000000066180000 - 0x00000000661a9000 	E:\PROGRAMFILES\JV\jre\bin\java.dll
0x0000000066160000 - 0x0000000066176000 	E:\PROGRAMFILES\JV\jre\bin\zip.dll

VM Arguments:
jvm_args: -Xmx1024M -Dfile.encoding=windows-1252 -Duser.country=US -Duser.language=en -Duser.variant 
java_command: com.android.dx.command.Main --dex --num-threads=4 --output E:\WORKSPACES\Android\MyApplicationClient\app\build\intermediates\dex\debug E:\WORKSPACES\Android\MyApplicationClient\app\build\intermediates\classes\debug E:\WORKSPACES\Android\MyApplicationClient\app\build\intermediates\pre-dexed\debug\support-annotations-23.1.1-978a04377b659756670912eacd95c9c42c5ef577.jar E:\WORKSPACES\Android\MyApplicationClient\app\build\intermediates\pre-dexed\debug\jackson-annotations-2.2.2-f694a8a87ee639c1d4b7e235ba146f574e708c83.jar E:\WORKSPACES\Android\MyApplicationClient\app\build\intermediates\pre-dexed\debug\tubesock-0.0.11-a16b7de479273282cf13710f0d7adfd07b4de70f.jar E:\WORKSPACES\Android\MyApplicationClient\app\build\intermediates\pre-dexed\debug\firebase-client-android-2.3.1-49b5db30ea8d7cb6c0d1edf675fe8ba12c05966b.jar E:\WORKSPACES\Android\MyApplicationClient\app\build\intermediates\pre-dexed\debug\internal_impl-23.1.1-39d1c722defce5a27b5d99bda1ed7bf820701011.jar E:\WORKSPACES\Android\MyApplicationClient\app\build\intermediates\pre-dexed\debug\jackson-core-2.2.2-703c91a2f8247354595c6f84e34191358d966e71.jar E:\WORKSPACES\Android\MyApplicationClient\app\build\intermediates\pre-dexed\debug\firebase-client-jvm-2.3.1-fffe53994989029096a3751c9be2a7ff303616eb.jar E:\WORKSPACES\Android\MyApplicationClient\app\build\intermediates\pre-dexed\debug\classes-820e28d3b107dab0903f2d4b8a8dc17ffa7f2e6f.jar E:\WORKSPACES\Android\MyApplicationClient\app\build\intermediates\pre-dexed\debug\jackson-databind-2.2.2-eff1c57db3ca86b8e7b4703d2493a9bfd1cd47f5.jar E:\WORKSPACES\Android\MyApplicationClient\app\build\intermediates\pre-dexed\debug\classes-bd618d2b6e000803ad213113ddd0867d6608b6dd.jar
java_class_path (initial): F:\sdk\build-tools\23.0.1\lib\dx.jar
Launcher Type: SUN_STANDARD

Environment Variables:
PATH=C:\ProgramData\Oracle\Java\javapath;C:\Program Files (x86)\Intel\iCLS Client\;C:\Program Files\Intel\iCLS Client\;C:\WINDOWS\system32;C:\WINDOWS;C:\WINDOWS\System32\Wbem;C:\WINDOWS\System32\WindowsPowerShell\v1.0\;C:\Program Files\Intel\WiFi\bin\;C:\Program Files\Common Files\Intel\WirelessCommon\;C:\Program Files (x86)\Skype\Phone\;C:\Program Files\WIDCOMM\Bluetooth Software\;C:\Program Files\WIDCOMM\Bluetooth Software\syswow64;C:\Program Files\Intel\Intel(R) Management Engine Components\DAL;C:\Program Files\Intel\Intel(R) Management Engine Components\IPT;C:\Program Files (x86)\Intel\Intel(R) Management Engine Components\DAL;C:\Program Files (x86)\Intel\Intel(R) Management Engine Components\IPT;c:\Program Files\Microsoft SQL Server\100\DTS\Binn\??Œ?NndMm4cwq,o2cTdL)=E00~KCOk-9sSd&LIa])?aE8a(Wpu?G;F:\ONLINESTORAGES\OneDrive\WORKSPACES\GnuWin32\bin;C:\Program Files\Microsoft SQL Server\110\Tools\Binn\;E:\PROGRAMFILES\Matlab\runtime\win64;E:\PROGRAMFILES\Matlab\bin;E:\PROGRAMFILES\Matlab\polyspace\bin;C:\Program Files (x86)\Windows Kits\10\Windows Performance Toolkit\;C:\Program Files\Microsoft\Web Platform Installer\;C:\Program Files (x86)\GtkSharp\2.12\bin;E:\PROGRAMFILES\jre;E:\PROGRAMFILES\JV;C:\Program Files (x86)\Java\jdk1.7.0_71;C:\Program Files (x86)\Java\jre7;C:\Program Files (x86)\Java\jdk1.7.0_71\bin;C:\Program Files (x86)\Java\jre7\bin;E:\PROGRAMFILES\Nodejs\;C:\Program Files\Intel\WiFi\bin\;C:\Program Files\Common Files\Intel\WirelessCommon\;C:\Users\binh\AppData\Roaming\npm
USERNAME=binh
OS=Windows_NT
PROCESSOR_IDENTIFIER=Intel64 Family 6 Model 58 Stepping 9, GenuineIntel



---------------  S Y S T E M  ---------------

OS: Windows 10.0 , 64 bit Build 11082 (10.0.11082.1000)

CPU:total 4 (2 cores per cpu, 2 threads per core) family 6 model 58 stepping 9, cmov, cx8, fxsr, mmx, sse, sse2, sse3, ssse3, sse4.1, sse4.2, popcnt, avx, aes, clmul, erms, ht, tsc, tscinvbit, tscinv

Memory: 4k page, physical 8291868k(1283508k free), swap 8291868k(6084k free)

vm_info: Java HotSpot(TM) 64-Bit Server VM (25.66-b18) for windows-amd64 JRE (1.8.0_66-b18), built on Nov  9 2015 10:51:13 by "java_re" with MS VC++ 10.0 (VS2010)

time: Tue Jan 12 00:05:27 2016
elapsed time: 0 seconds (0d 0h 0m 0s)

